Dados:
R1 =  1039.3
R2 =  2010.9
R3 =  3041.2
R4 =  4183.8
R5 =  3095.8
R6 =  2021.2
R7 =  1022.3
Va =  5.1798
Id =  0.0010044
Kb =  0.0070875
Kc =  8185.8

Resultados:
V0 = 0.000000
V1 = 5.179800
V2 = 4.949130
V3 = 4.481100
V4 = 4.981968
V5 = 8.811951
V6 = -1.958148
V7 = -2.948538

Ib = -0.000233
Ic = 0.000969

Imalha1 = -0.000222
Imalha2 = -0.000233
Imalha3 = -0.000011
Imalha4 = 0.001004

Vb = -0.032839
Vc = 7.930507

Testes:
Soma I no no4 = 0.000000
Soma I no no0 = -0.000000
Soma I no no2 = -0.000000
